<?xml version="1.0" encoding="UTF-8"?>
<!-- Generated by org.testng.reporters.JUnitReportReporter -->
<testsuite skipped="0" hostname="hp-pc" name="com.TestLayer.LoginPageTest" tests="3" failures="0" timestamp="2023-07-05T08:07:57 IST" time="9.212" errors="0">
  <testcase name="validateLoginFunctionality" time="5.860" classname="com.TestLayer.LoginPageTest"/>
  <system-out/>
  <testcase name="validateTitle" time="3.325" classname="com.TestLayer.LoginPageTest"/>
  <system-out/>
  <testcase name="validateUrl" time="0.027" classname="com.TestLayer.LoginPageTest"/>
  <system-out/>
</testsuite> <!-- com.TestLayer.LoginPageTest -->
